timestamp: 2016-07-24T01:37:51.477724
CREATE TABLE auth_user(
    id INTEGER PRIMARY KEY AUTOINCREMENT,
    first_name CHAR(128),
    last_name CHAR(128),
    email CHAR(512),
    password CHAR(512),
    registration_key CHAR(512),
    reset_password_key CHAR(512),
    registration_id CHAR(512)
);
success!
timestamp: 2016-07-24T01:37:51.697128
CREATE TABLE auth_group(
    id INTEGER PRIMARY KEY AUTOINCREMENT,
    role CHAR(512),
    description TEXT
);
success!
timestamp: 2016-07-24T01:37:51.776575
CREATE TABLE auth_membership(
    id INTEGER PRIMARY KEY AUTOINCREMENT,
    user_id INTEGER REFERENCES auth_user (id) ON DELETE CASCADE  ,
    group_id INTEGER REFERENCES auth_group (id) ON DELETE CASCADE  
);
success!
timestamp: 2016-07-24T01:37:51.878176
CREATE TABLE auth_permission(
    id INTEGER PRIMARY KEY AUTOINCREMENT,
    group_id INTEGER REFERENCES auth_group (id) ON DELETE CASCADE  ,
    name CHAR(512),
    table_name CHAR(512),
    record_id INTEGER
);
success!
timestamp: 2016-07-24T01:37:51.990171
CREATE TABLE auth_event(
    id INTEGER PRIMARY KEY AUTOINCREMENT,
    time_stamp TIMESTAMP,
    client_ip CHAR(512),
    user_id INTEGER REFERENCES auth_user (id) ON DELETE CASCADE  ,
    origin CHAR(512),
    description TEXT
);
success!
timestamp: 2016-07-24T01:37:52.101473
CREATE TABLE auth_cas(
    id INTEGER PRIMARY KEY AUTOINCREMENT,
    user_id INTEGER REFERENCES auth_user (id) ON DELETE CASCADE  ,
    created_on TIMESTAMP,
    service CHAR(512),
    ticket CHAR(512),
    renew CHAR(1)
);
success!
timestamp: 2016-07-25T13:00:15.638389
CREATE TABLE transaction(
    id INTEGER PRIMARY KEY AUTOINCREMENT,
    name CHAR(512),
    date DATE,
    amount DOUBLE
);
timestamp: 2016-07-25T13:17:02.937706
CREATE TABLE transaction(
    id INTEGER PRIMARY KEY AUTOINCREMENT,
    name CHAR(512),
    date DATE,
    amount DOUBLE
);
timestamp: 2016-07-25T13:18:02.947294
CREATE TABLE transaction(
    id INTEGER PRIMARY KEY AUTOINCREMENT,
    name CHAR(512),
    date DATE,
    amount DOUBLE
);
timestamp: 2016-07-25T13:18:19.531978
CREATE TABLE transaction(
    id INTEGER PRIMARY KEY AUTOINCREMENT,
    name CHAR(512),
    date DATE,
    amount DOUBLE
);
timestamp: 2016-07-25T13:19:02.941740
CREATE TABLE transaction(
    id INTEGER PRIMARY KEY AUTOINCREMENT,
    name CHAR(512),
    date DATE,
    amount DOUBLE
);
timestamp: 2016-07-25T13:19:11.553664
CREATE TABLE transaction(
    id INTEGER PRIMARY KEY AUTOINCREMENT,
    name CHAR(512),
    date DATE,
    amount DOUBLE
);
timestamp: 2016-07-25T13:19:42.869015
CREATE TABLE transaction(
    id INTEGER PRIMARY KEY AUTOINCREMENT,
    name CHAR(512),
    date DATE,
    amount DOUBLE
);
timestamp: 2016-07-25T13:20:11.616299
CREATE TABLE transaction(
    id INTEGER PRIMARY KEY AUTOINCREMENT,
    name CHAR(512),
    date DATE,
    amount DOUBLE
);
timestamp: 2016-07-25T13:20:31.300688
CREATE TABLE transaction(
    id INTEGER PRIMARY KEY AUTOINCREMENT,
    name CHAR(512),
    date DATE,
    amount DOUBLE
);
timestamp: 2016-07-25T13:20:34.476601
CREATE TABLE transaction(
    id INTEGER PRIMARY KEY AUTOINCREMENT,
    name CHAR(512),
    date DATE,
    amount DOUBLE
);
timestamp: 2016-07-25T13:20:43.531555
CREATE TABLE tt(
    id INTEGER PRIMARY KEY AUTOINCREMENT,
    name CHAR(512),
    date DATE,
    amount DOUBLE
);
success!
timestamp: 2016-07-25T13:33:36.508323
CREATE TABLE td(
    id INTEGER PRIMARY KEY AUTOINCREMENT,
    tt_id INTEGER REFERENCES tt (id) ON DELETE CASCADE  ,
    bleh CHAR(512)
);
success!
timestamp: 2016-07-25T22:14:58.793769
CREATE TABLE transactions(
    id INTEGER PRIMARY KEY AUTOINCREMENT,
    name CHAR(512),
    date DATE,
    amount DOUBLE
);
success!
timestamp: 2016-07-25T22:14:58.920201
CREATE TABLE repetitivetransactions(
    id INTEGER PRIMARY KEY AUTOINCREMENT,
    name CHAR(512),
    rrule CHAR(512),
    amount DOUBLE
);
success!
timestamp: 2016-07-25T22:25:50.626047
CREATE TABLE transaction(
    id INTEGER PRIMARY KEY AUTOINCREMENT,
    name CHAR(512),
    date DATE,
    amount DOUBLE
);
timestamp: 2016-07-25T22:25:58.788810
CREATE TABLE transaction(
    id INTEGER PRIMARY KEY AUTOINCREMENT,
    name CHAR(512),
    date DATE,
    amount DOUBLE
);
timestamp: 2016-07-25T22:26:22.710153
CREATE TABLE transaction(
    id INTEGER PRIMARY KEY AUTOINCREMENT,
    name CHAR(512),
    date DATE,
    amount DOUBLE
);
timestamp: 2016-07-25T22:26:58.784414
CREATE TABLE transaction(
    id INTEGER PRIMARY KEY AUTOINCREMENT,
    name CHAR(512),
    date DATE,
    amount DOUBLE
);
timestamp: 2016-07-25T22:27:22.672450
CREATE TABLE transaction(
    id INTEGER PRIMARY KEY AUTOINCREMENT,
    name CHAR(512),
    date DATE,
    amount DOUBLE
);
timestamp: 2016-07-25T22:27:58.811466
CREATE TABLE transaction(
    id INTEGER PRIMARY KEY AUTOINCREMENT,
    name CHAR(512),
    date DATE,
    amount DOUBLE
);
timestamp: 2016-07-25T22:28:22.680812
CREATE TABLE transaction(
    id INTEGER PRIMARY KEY AUTOINCREMENT,
    name CHAR(512),
    date DATE,
    amount DOUBLE
);
timestamp: 2016-07-25T22:28:58.808215
CREATE TABLE transaction(
    id INTEGER PRIMARY KEY AUTOINCREMENT,
    name CHAR(512),
    date DATE,
    amount DOUBLE
);
timestamp: 2016-07-25T22:29:22.676186
CREATE TABLE transaction(
    id INTEGER PRIMARY KEY AUTOINCREMENT,
    name CHAR(512),
    date DATE,
    amount DOUBLE
);
timestamp: 2016-07-25T22:29:58.775569
CREATE TABLE transaction(
    id INTEGER PRIMARY KEY AUTOINCREMENT,
    name CHAR(512),
    date DATE,
    amount DOUBLE
);
timestamp: 2016-07-25T22:30:22.674488
CREATE TABLE transaction(
    id INTEGER PRIMARY KEY AUTOINCREMENT,
    name CHAR(512),
    date DATE,
    amount DOUBLE
);
timestamp: 2016-07-25T22:30:48.138910
CREATE TABLE transaction(
    id INTEGER PRIMARY KEY AUTOINCREMENT,
    name CHAR(512),
    date DATE,
    amount DOUBLE
);
timestamp: 2016-07-25T22:31:12.400664
CREATE TABLE transaction(
    id INTEGER PRIMARY KEY AUTOINCREMENT,
    name CHAR(512),
    date DATE,
    amount DOUBLE
);
timestamp: 2016-07-25T22:31:22.675229
CREATE TABLE transaction(
    id INTEGER PRIMARY KEY AUTOINCREMENT,
    name CHAR(512),
    date DATE,
    amount DOUBLE
);
timestamp: 2016-07-25T22:31:58.768947
CREATE TABLE transaction(
    id INTEGER PRIMARY KEY AUTOINCREMENT,
    name CHAR(512),
    date DATE,
    amount DOUBLE
);
timestamp: 2016-07-25T22:32:22.679630
CREATE TABLE transaction(
    id INTEGER PRIMARY KEY AUTOINCREMENT,
    name CHAR(512),
    date DATE,
    amount DOUBLE
);
timestamp: 2016-07-25T22:32:58.774008
CREATE TABLE transaction(
    id INTEGER PRIMARY KEY AUTOINCREMENT,
    name CHAR(512),
    date DATE,
    amount DOUBLE
);
timestamp: 2016-07-25T22:33:22.671296
CREATE TABLE transaction(
    id INTEGER PRIMARY KEY AUTOINCREMENT,
    name CHAR(512),
    date DATE,
    amount DOUBLE
);
timestamp: 2016-07-25T22:33:58.840459
CREATE TABLE transaction(
    id INTEGER PRIMARY KEY AUTOINCREMENT,
    name CHAR(512),
    date DATE,
    amount DOUBLE
);
timestamp: 2016-07-25T22:34:22.705869
CREATE TABLE transaction(
    id INTEGER PRIMARY KEY AUTOINCREMENT,
    name CHAR(512),
    date DATE,
    amount DOUBLE
);
timestamp: 2016-07-25T22:34:58.772830
CREATE TABLE transaction(
    id INTEGER PRIMARY KEY AUTOINCREMENT,
    name CHAR(512),
    date DATE,
    amount DOUBLE
);
timestamp: 2016-07-25T22:35:22.688995
CREATE TABLE transaction(
    id INTEGER PRIMARY KEY AUTOINCREMENT,
    name CHAR(512),
    date DATE,
    amount DOUBLE
);
timestamp: 2016-07-25T22:35:58.773053
CREATE TABLE transaction(
    id INTEGER PRIMARY KEY AUTOINCREMENT,
    name CHAR(512),
    date DATE,
    amount DOUBLE
);
timestamp: 2016-07-25T22:36:22.672894
CREATE TABLE transaction(
    id INTEGER PRIMARY KEY AUTOINCREMENT,
    name CHAR(512),
    date DATE,
    amount DOUBLE
);
timestamp: 2016-07-25T22:36:58.801283
CREATE TABLE transaction(
    id INTEGER PRIMARY KEY AUTOINCREMENT,
    name CHAR(512),
    date DATE,
    amount DOUBLE
);
timestamp: 2016-07-25T22:37:22.670058
CREATE TABLE transaction(
    id INTEGER PRIMARY KEY AUTOINCREMENT,
    name CHAR(512),
    date DATE,
    amount DOUBLE
);
timestamp: 2016-07-25T22:37:58.768145
CREATE TABLE transaction(
    id INTEGER PRIMARY KEY AUTOINCREMENT,
    name CHAR(512),
    date DATE,
    amount DOUBLE
);
timestamp: 2016-07-25T22:38:22.669210
CREATE TABLE transaction(
    id INTEGER PRIMARY KEY AUTOINCREMENT,
    name CHAR(512),
    date DATE,
    amount DOUBLE
);
timestamp: 2016-07-25T22:38:58.793443
CREATE TABLE transaction(
    id INTEGER PRIMARY KEY AUTOINCREMENT,
    name CHAR(512),
    date DATE,
    amount DOUBLE
);
timestamp: 2016-07-25T22:39:22.668744
CREATE TABLE transaction(
    id INTEGER PRIMARY KEY AUTOINCREMENT,
    name CHAR(512),
    date DATE,
    amount DOUBLE
);
timestamp: 2016-07-25T22:39:58.771347
CREATE TABLE transaction(
    id INTEGER PRIMARY KEY AUTOINCREMENT,
    name CHAR(512),
    date DATE,
    amount DOUBLE
);
timestamp: 2016-07-25T22:40:22.698221
CREATE TABLE transaction(
    id INTEGER PRIMARY KEY AUTOINCREMENT,
    name CHAR(512),
    date DATE,
    amount DOUBLE
);
timestamp: 2016-07-25T22:40:58.773318
CREATE TABLE transaction(
    id INTEGER PRIMARY KEY AUTOINCREMENT,
    name CHAR(512),
    date DATE,
    amount DOUBLE
);
timestamp: 2016-07-25T22:41:22.665760
CREATE TABLE transaction(
    id INTEGER PRIMARY KEY AUTOINCREMENT,
    name CHAR(512),
    date DATE,
    amount DOUBLE
);
timestamp: 2016-07-25T22:41:58.769219
CREATE TABLE transaction(
    id INTEGER PRIMARY KEY AUTOINCREMENT,
    name CHAR(512),
    date DATE,
    amount DOUBLE
);
timestamp: 2016-07-25T22:48:02.276311
CREATE TABLE transaction(
    id INTEGER PRIMARY KEY AUTOINCREMENT,
    name CHAR(512),
    date DATE,
    amount DOUBLE
);
timestamp: 2016-07-25T22:48:04.709673
CREATE TABLE transaction(
    id INTEGER PRIMARY KEY AUTOINCREMENT,
    name CHAR(512),
    date DATE,
    amount DOUBLE
);
timestamp: 2016-07-25T22:49:02.131511
CREATE TABLE transaction(
    id INTEGER PRIMARY KEY AUTOINCREMENT,
    name CHAR(512),
    date DATE,
    amount DOUBLE
);
timestamp: 2016-07-25T22:50:02.125848
CREATE TABLE transaction(
    id INTEGER PRIMARY KEY AUTOINCREMENT,
    name CHAR(512),
    date DATE,
    amount DOUBLE
);
timestamp: 2016-07-25T22:50:31.898247
CREATE TABLE trns(
    id INTEGER PRIMARY KEY AUTOINCREMENT,
    name CHAR(512),
    date DATE,
    amount DOUBLE
);
success!
timestamp: 2016-07-25T22:50:31.984836
CREATE TABLE repetitivetrns(
    id INTEGER PRIMARY KEY AUTOINCREMENT,
    name CHAR(512),
    rrule CHAR(512),
    amount DOUBLE
);
success!
