[2016-07-24 01:37:46] START
[2016-07-24 01:44:33] EDIT budget/controllers/default.py: 0
[2016-07-24 01:45:16] EDIT budget/controllers/default.py: 0
[2016-07-24 01:45:29] EDIT budget/controllers/default.py: 0
[2016-07-25 12:42:03] EDIT budget/models/db.py: -40
[2016-07-25 12:42:23] EDIT budget/models/db.py: 0
[2016-07-25 12:53:01] EDIT budget/models/db.py: -2
[2016-07-25 12:53:10] EDIT budget/models/db.py: 0
[2016-07-25 12:59:19] EDIT budget/models/db.py: 5
[2016-07-25 12:59:30] EDIT budget/models/db.py: 0
[2016-07-25 13:00:11] EDIT budget/models/db.py: 0
[2016-07-25 13:16:45] CREATE budget.py: 0
[2016-07-25 13:16:51] DELETE budget/controllers/budget.py: -1
[2016-07-25 13:16:58] CREATE transaction.py: 0
[2016-07-25 13:17:55] EDIT budget/controllers/transaction.py: 2
[2016-07-25 13:19:23] EDIT budget/models/db.py: 0
[2016-07-25 13:19:40] EDIT budget/models/db.py: 0
[2016-07-25 13:20:40] EDIT budget/models/db.py: 0
[2016-07-25 13:21:37] EDIT budget/models/menu.py: -4
[2016-07-25 13:23:05] EDIT budget/controllers/transaction.py: 0
[2016-07-25 13:29:00] CREATE calendar.py: 0
[2016-07-25 13:29:28] EDIT budget/controllers/calendar.py: 1
[2016-07-25 13:30:44] EDIT budget/controllers/calendar.py: 1
[2016-07-25 13:31:28] EDIT budget/controllers/calendar.py: 0
[2016-07-25 13:32:11] EDIT budget/controllers/calendar.py: 0
[2016-07-25 13:33:34] EDIT budget/models/db.py: 4
[2016-07-25 13:33:42] EDIT budget/controllers/calendar.py: 0
[2016-07-25 13:33:58] EDIT budget/controllers/calendar.py: 0
[2016-07-25 13:35:27] EDIT budget/controllers/calendar.py: 0
[2016-07-25 13:36:02] EDIT budget/controllers/calendar.py: 0
[2016-07-25 13:47:52] EDIT budget/controllers/transaction.py: 0
[2016-07-25 13:50:30] EDIT budget/controllers/transaction.py: 2
[2016-07-25 22:14:54] EDIT budget/models/db.py: 1
[2016-07-25 22:25:48] EDIT budget/models/db.py: 0
[2016-07-25 22:30:45] EDIT budget/controllers/transaction.py: 0
[2016-07-25 22:50:44] EDIT budget/controllers/transaction.py: 0
